e:\uni stuff\work stuff\year 2\sesh 1\computer games programming\assignments\ae3\assigment\debug\vc141.pdb
e:\uni stuff\work stuff\year 2\sesh 1\computer games programming\assignments\ae3\assigment\debug\vc141.idb
e:\uni stuff\work stuff\year 2\sesh 1\computer games programming\assignments\ae3\assigment\debug\bitmap.obj
e:\uni stuff\work stuff\year 2\sesh 1\computer games programming\assignments\ae3\assigment\debug\charater.obj
e:\uni stuff\work stuff\year 2\sesh 1\computer games programming\assignments\ae3\assigment\debug\collision.obj
e:\uni stuff\work stuff\year 2\sesh 1\computer games programming\assignments\ae3\assigment\debug\enemy.obj
e:\uni stuff\work stuff\year 2\sesh 1\computer games programming\assignments\ae3\assigment\debug\game.obj
e:\uni stuff\work stuff\year 2\sesh 1\computer games programming\assignments\ae3\assigment\debug\gameobject.obj
e:\uni stuff\work stuff\year 2\sesh 1\computer games programming\assignments\ae3\assigment\debug\global.obj
e:\uni stuff\work stuff\year 2\sesh 1\computer games programming\assignments\ae3\assigment\debug\item.obj
e:\uni stuff\work stuff\year 2\sesh 1\computer games programming\assignments\ae3\assigment\debug\level_data.obj
e:\uni stuff\work stuff\year 2\sesh 1\computer games programming\assignments\ae3\assigment\debug\main.obj
e:\uni stuff\work stuff\year 2\sesh 1\computer games programming\assignments\ae3\assigment\debug\player.obj
e:\uni stuff\work stuff\year 2\sesh 1\computer games programming\assignments\ae3\assigment\debug\renderer.obj
e:\uni stuff\work stuff\year 2\sesh 1\computer games programming\assignments\ae3\assigment\debug\static.obj
e:\uni stuff\work stuff\year 2\sesh 1\computer games programming\assignments\ae3\assigment\debug\vector2.obj
e:\uni stuff\work stuff\year 2\sesh 1\computer games programming\assignments\ae3\assigment\debug\wall.obj
e:\uni stuff\work stuff\year 2\sesh 1\computer games programming\assignments\ae3\assigment\debug\ui.obj
e:\uni stuff\work stuff\year 2\sesh 1\computer games programming\assignments\ae3\assigment\debug\assigment.exe
e:\uni stuff\work stuff\year 2\sesh 1\computer games programming\assignments\ae3\assigment\debug\assigment.ilk
e:\uni stuff\work stuff\year 2\sesh 1\computer games programming\assignments\ae3\assigment\debug\assigment.pdb
e:\uni stuff\work stuff\year 2\sesh 1\computer games programming\assignments\ae3\assigment\debug\assigment.tlog\cl.command.1.tlog
e:\uni stuff\work stuff\year 2\sesh 1\computer games programming\assignments\ae3\assigment\debug\assigment.tlog\cl.read.1.tlog
e:\uni stuff\work stuff\year 2\sesh 1\computer games programming\assignments\ae3\assigment\debug\assigment.tlog\cl.write.1.tlog
e:\uni stuff\work stuff\year 2\sesh 1\computer games programming\assignments\ae3\assigment\debug\assigment.tlog\link.command.1.tlog
e:\uni stuff\work stuff\year 2\sesh 1\computer games programming\assignments\ae3\assigment\debug\assigment.tlog\link.read.1.tlog
e:\uni stuff\work stuff\year 2\sesh 1\computer games programming\assignments\ae3\assigment\debug\assigment.tlog\link.write.1.tlog
